<?xml version="1.0" encoding="UTF-8"?>
<testsuite xmlns:xsi="http://www.w3.org/2001/XMLSchema-instance" xsi:noNamespaceSchemaLocation="https://maven.apache.org/surefire/maven-surefire-plugin/xsd/surefire-test-report.xsd" version="3.0.2" name="com.fd.foodDelivery.FoodDeliveryApplicationTests" time="2.06" tests="1" errors="0" skipped="0" failures="0">
  <properties>
[...]
</properties>
  <testcase name="contextLoads" classname="com.fd.foodDelivery.FoodDeliveryApplicationTests" time="0.381">
    <system-out><![CDATA[15:45:40.255 [main] INFO org.springframework.test.context.support.AnnotationConfigContextLoaderUtils -- Could not detect default configuration classes for test class [com.fd.foodDelivery.FoodDeliveryApplicationTests]: FoodDeliveryApplicationTests does not declare any static, non-private, non-final, nested classes annotated with @Configuration.
15:45:40.366 [main] INFO org.springframework.boot.test.context.SpringBootTestContextBootstrapper -- Found @SpringBootConfiguration com.fd.foodDelivery.FoodDeliveryApplication for test class com.fd.foodDelivery.FoodDeliveryApplicationTests

  .   ____          _            __ _ _
 /\\ / ___'_ __ _ _(_)_ __  __ _ \ \ \ \
( ( )\___ | '_ | '_| | '_ \/ _` | \ \ \ \
 \\/  ___)| |_)| | | | | || (_| |  ) ) ) )
  '  |____| .__|_| |_|_| |_\__, | / / / /
 =========|_|==============|___/=/_/_/_/

 :: Spring Boot ::                (v3.4.2)

2025-02-03T15:45:40.870Z  INFO 32747 --- [foodDelivery] [           main] c.f.f.FoodDeliveryApplicationTests       : Starting FoodDeliveryApplicationTests using Java 17.0.13 with PID 32747 (started by jcouzens in /home/jcouzens/code/ExperisTraining/CapStone/foodDelivery)
2025-02-03T15:45:40.871Z  INFO 32747 --- [foodDelivery] [           main] c.f.f.FoodDeliveryApplicationTests       : No active profile set, falling back to 1 default profile: "default"
2025-02-03T15:45:39.221Z  INFO 32747 --- [foodDelivery] [           main] .s.d.r.c.RepositoryConfigurationDelegate : Bootstrapping Spring Data JPA repositories in DEFAULT mode.
2025-02-03T15:45:39.284Z  INFO 32747 --- [foodDelivery] [           main] .s.d.r.c.RepositoryConfigurationDelegate : Finished Spring Data repository scanning in 54 ms. Found 4 JPA repository interfaces.
2025-02-03T15:45:39.631Z  INFO 32747 --- [foodDelivery] [           main] o.hibernate.jpa.internal.util.LogHelper  : HHH000204: Processing PersistenceUnitInfo [name: default]
2025-02-03T15:45:39.684Z  INFO 32747 --- [foodDelivery] [           main] org.hibernate.Version                    : HHH000412: Hibernate ORM core version 6.6.5.Final
2025-02-03T15:45:39.716Z  INFO 32747 --- [foodDelivery] [           main] o.h.c.internal.RegionFactoryInitiator    : HHH000026: Second-level cache disabled
2025-02-03T15:45:39.948Z  INFO 32747 --- [foodDelivery] [           main] o.s.o.j.p.SpringPersistenceUnitInfo      : No LoadTimeWeaver setup: ignoring JPA class transformer
2025-02-03T15:45:39.997Z  INFO 32747 --- [foodDelivery] [           main] com.zaxxer.hikari.HikariDataSource       : HikariPool-1 - Starting...
2025-02-03T15:45:40.196Z  INFO 32747 --- [foodDelivery] [           main] com.zaxxer.hikari.pool.HikariPool        : HikariPool-1 - Added connection conn0: url=jdbc:h2:mem:testdb user=SA
2025-02-03T15:45:40.197Z  INFO 32747 --- [foodDelivery] [           main] com.zaxxer.hikari.HikariDataSource       : HikariPool-1 - Start completed.
2025-02-03T15:45:40.268Z  INFO 32747 --- [foodDelivery] [           main] org.hibernate.orm.connections.pooling    : HHH10001005: Database info:
	Database JDBC URL [Connecting through datasource 'HikariDataSource (HikariPool-1)']
	Database driver: undefined/unknown
	Database version: 2.3.232
	Autocommit mode: undefined/unknown
	Isolation level: undefined/unknown
	Minimum pool size: undefined/unknown
	Maximum pool size: undefined/unknown
2025-02-03T15:45:40.983Z  INFO 32747 --- [foodDelivery] [           main] o.h.e.t.j.p.i.JtaPlatformInitiator       : HHH000489: No JTA platform available (set 'hibernate.transaction.jta.platform' to enable JTA platform integration)
Hibernate: create table customer (id integer generated by default as identity, address varchar(250), email varchar(250), password varchar(250), username varchar(150), primary key (id))
Hibernate: create table menu (id integer generated by default as identity, name varchar(255), price float(53), restaurant_id integer, primary key (id))
Hibernate: create table orders (id integer generated by default as identity, order_time timestamp(6), customer_id integer, restaurant_id integer, primary key (id))
Hibernate: create table restaurant (id integer generated by default as identity, location varchar(255), menu varchar(255) array, name varchar(255), rating float(53), primary key (id))
Hibernate: alter table if exists menu add constraint FKblwdtxevpl4mrds8a12q0ohu6 foreign key (restaurant_id) references restaurant
Hibernate: alter table if exists orders add constraint FK624gtjin3po807j3vix093tlf foreign key (customer_id) references customer
Hibernate: alter table if exists orders add constraint FKi7hgjxhw21nei3xgpe4nnpenh foreign key (restaurant_id) references restaurant
2025-02-03T15:45:41.036Z  INFO 32747 --- [foodDelivery] [           main] j.LocalContainerEntityManagerFactoryBean : Initialized JPA EntityManagerFactory for persistence unit 'default'
2025-02-03T15:45:41.422Z  WARN 32747 --- [foodDelivery] [           main] JpaBaseConfiguration$JpaWebConfiguration : spring.jpa.open-in-view is enabled by default. Therefore, database queries may be performed during view rendering. Explicitly configure spring.jpa.open-in-view to disable this warning
2025-02-03T15:45:41.686Z  INFO 32747 --- [foodDelivery] [           main] o.s.b.a.h2.H2ConsoleAutoConfiguration    : H2 console available at '/h2-console'. Database available at 'jdbc:h2:mem:testdb'
2025-02-03T15:45:41.758Z  INFO 32747 --- [foodDelivery] [           main] c.f.f.FoodDeliveryApplicationTests       : Started FoodDeliveryApplicationTests in 1.195 seconds (process running for 4.698)
]]></system-out>
  </testcase>
</testsuite>